<?xml version="1.0" encoding="UTF-8"?>
<!-- Generated by org.testng.reporters.JUnitReportReporter -->
<testsuite hostname="DESKTOP-1N1RT5U" failures="0" tests="1" name="com.google.GoogleTest" time="7.765" errors="0" timestamp="05 jun. 2021 13:37:12 GMT" skipped="0">
  <testcase classname="com.google.GoogleTest" name="f" time="7.765"/>
</testsuite> <!-- com.google.GoogleTest -->
